Log started at 10.11.2024	12:38:53
Number of used processors (NPROC): 12.
Number of mesh partitions (NPART): 12.
Total Physical Memory = 15.34 Gb, Available Physical Memory = 4.35 Gb
Computer name:	DESKTOP-CPAF6M3
Operating system:	Windows 10 (Version 10.0.19045)

Commandline:	"C:\Program Files\SOLIDWORKS Corp\SOLIDWORKS Flow Simulation\BINCFW\efdsolver.exe" /config:"C:\Users\Пользователь\Desktop\FOPRES\2\2.xmlconfig" /guid:323d5f44-2556-4f02-8ec9-85034d18d4be /processors:max /m /s /prjnamelm:"Flow Simulation 2023" /prjnamehabout:"Flow Simulation 2023" /companyname:"COSMOS Applications" /prjaliasid:1009 /lang:russian /port:49535

SOLIDWORKS 2023 SP3.0
Flow Simulation 2023  x64 / 6002

Project: C:\Users\Пользователь\Desktop\FOPRES\2\2.xmlconfig
Configuration name: По умолчанию
Project name: Герметичный корпус с внутренним перемешиванием
Problem type: internal-type
Exclude cavities without flow conditions: ON
NGK: OFF
MBO: OFF
-----------------------------------------------------------------------
Mesher option run = eRunMesherNormal
-----------------------------------------------------------------------

Mesh generation started:	10.11.2024	12:38:53
-----------------------------------------------------------------------
Memory Working Set Current = 18.44 Mb, Memory Working Set Peak = 18.45 Mb
Memory Private Bytes Current = 18.67 Mb, Memory Private Bytes Peak = 18.67 Mb
Process Threads Number: 7
-----------------------------------------------------------------------
Mesher adjust APD = OFF; AdjustAPD_method=0; N_per_Channel = 0; N2_per_Channel = 0
Current CPU = 0 sec
-----------------------------------------------------------------------
Geometries initialization:
-----------------------------------------------------------------------
Loading mesh settings (global/local)...
-----------------------------------------------------------------------
Number of geometries from DB: 9
Geometry(0):
	Guid = {11d92ee3-d2b8-4b8a-a6d0-dabc5479e87a}
	Fluid..
	1 Body.
	1 Real body.
	-- Bodyset 0 --
		Tolerance=9.24446e-06.
		214 Face(s).
			214 of b-spline type.
		208 Face(s) that have no ref faces
		121 Plane surface(s).
		44 Cylinder surface(s).
		16 Sphere surface(s).
		9 Torus surface(s).
		24 B- surface(s).
		27456 Triangle(s).
		Getting triangle connectivities from DB: 0.002 s
		493 Edge(s).
			493 of b-spline type.
		BodyGeom reading: 0.018 s.
		27444 Reference Triangles.
		Getting triangle connectivities from DB (Ref): 0.002 s
		BodyGeom Ref reading: 0.004 s.
Geometry(1):
	Guid = {a5b7532a-ab29-4bd5-b6c2-f6e3360083cf}
	Solid.Typical MQFP.
	1 Body.
	1 Real body.
	-- Bodyset 1 --
		Tolerance=9.24446e-06.
		12 Face(s).
			12 of b-spline type.
		0 Face(s) that have no ref faces
		12 Plane surface(s).
		24 Triangle(s).
		Getting triangle connectivities from DB: 0.000 s
		24 Edge(s).
			24 of b-spline type.
		BodyGeom reading: 0.001 s.
		14 Reference Triangles.
		Getting triangle connectivities from DB (Ref): 0.000 s
		BodyGeom Ref reading: 0.000 s.
Geometry(2):
	Guid = {ec6dc37a-8d14-4640-bbb0-9ee9eb64bad4}
	Solid.PCB 4-layers.
	1 Body.
	1 Real body.
	-- Bodyset 2 --
		Tolerance=9.24446e-06.
		12 Face(s).
			12 of b-spline type.
		0 Face(s) that have no ref faces
		12 Plane surface(s).
		24 Triangle(s).
		Getting triangle connectivities from DB: 0.000 s
		24 Edge(s).
			24 of b-spline type.
		BodyGeom reading: 0.001 s.
		305 Reference Triangles.
		Getting triangle connectivities from DB (Ref): 0.000 s
		BodyGeom Ref reading: 0.001 s.
Geometry(3):
	Guid = {59081563-8a5d-4c3b-a3c6-2cfb404352db}
	Solid.Polybutylene Terephthalate (PBT).
	1 Body.
	1 Real body.
	-- Bodyset 3 --
		Tolerance=9.24446e-06.
		28 Face(s).
			28 of b-spline type.
		0 Face(s) that have no ref faces
		23 Plane surface(s).
		5 Cylinder surface(s).
		408 Triangle(s).
		Getting triangle connectivities from DB: 0.000 s
		72 Edge(s).
			72 of b-spline type.
		BodyGeom reading: 0.002 s.
		498 Reference Triangles.
		Getting triangle connectivities from DB (Ref): 0.000 s
		BodyGeom Ref reading: 0.001 s.
Geometry(4):
	Guid = {6d4eb360-9449-11d4-b471-00a024552746}
	Solid.Aluminum.
	2 Bodies.
	2 Real bodies.
	-- Bodyset 4 --
		Tolerance=9.24446e-06.
		91 Face(s).
			91 of b-spline type.
		0 Face(s) that have no ref faces
		65 Plane surface(s).
		26 Cylinder surface(s).
		896 Triangle(s).
		Getting triangle connectivities from DB: 0.000 s
		246 Edge(s).
			246 of b-spline type.
		BodyGeom reading: 0.003 s.
		1245 Reference Triangles.
		Getting triangle connectivities from DB (Ref): 0.000 s
		BodyGeom Ref reading: 0.001 s.
Geometry(5):
	Guid = {c527d544-b23e-451e-b0f2-96e340b838ee}
	Solid.Typical Plastic Package.
	1 Body.
	2 Real bodies.
	-- Bodyset 5 --
		Tolerance=9.24446e-06.
		66 Face(s).
			66 of b-spline type.
		0 Face(s) that have no ref faces
		22 Plane surface(s).
		4 Cylinder surface(s).
		16 Sphere surface(s).
		24 B- surface(s).
		9220 Triangle(s).
		Getting triangle connectivities from DB: 0.001 s
		116 Edge(s).
			116 of b-spline type.
		BodyGeom reading: 0.006 s.
		9292 Reference Triangles.
		Getting triangle connectivities from DB (Ref): 0.001 s
		BodyGeom Ref reading: 0.001 s.
Geometry(6):
	Guid = {e2c3c632-6edb-4c8e-aadc-448a851ccf8b}
	Solid.Alumina (Typical).
	1 Body.
	2 Real bodies.
	-- Bodyset 6 --
		Tolerance=9.24446e-06.
		39 Face(s).
			39 of b-spline type.
		0 Face(s) that have no ref faces
		23 Plane surface(s).
		8 Cylinder surface(s).
		8 Torus surface(s).
		12030 Triangle(s).
		Getting triangle connectivities from DB: 0.001 s
		57 Edge(s).
			57 of b-spline type.
		BodyGeom reading: 0.007 s.
		12062 Reference Triangles.
		Getting triangle connectivities from DB (Ref): 0.001 s
		BodyGeom Ref reading: 0.002 s.
Geometry(7):
	Guid = {6d4eb35e-9449-11d4-b471-00a024552746}
	Solid.Iron.
	1 Body.
	1 Real body.
	-- Bodyset 7 --
		Tolerance=9.24446e-06.
		10 Face(s).
			10 of b-spline type.
		0 Face(s) that have no ref faces
		8 Plane surface(s).
		1 Cylinder surface(s).
		1 Torus surface(s).
		4710 Triangle(s).
		Getting triangle connectivities from DB: 0.001 s
		15 Edge(s).
			15 of b-spline type.
		BodyGeom reading: 0.003 s.
		4794 Reference Triangles.
		Getting triangle connectivities from DB (Ref): 0.000 s
		BodyGeom Ref reading: 0.001 s.
Geometry(8):
	Guid = {00000000-0000-0000-0000-000000000000}
	Void..
	1 Body.
	1 Real body.
	-- Bodyset 8 --
		Tolerance=9.24446e-06.
		6 Face(s).
			6 of b-spline type.
		6 Face(s) that have no ref faces
		6 Plane surface(s).
		12 Triangle(s).
		Getting triangle connectivities from DB: 0.000 s
		12 Edge(s).
			12 of b-spline type.
		BodyGeom reading: 0.001 s.
		12 Reference Triangles.
		Getting triangle connectivities from DB (Ref): 0.000 s
		BodyGeom Ref reading: 0.000 s.
-----------------------------------------------------------------------
Number of geometries in task: 9
	G : 0	Type: Fluid
	G : 1	Type: Solid
	G : 2	Type: Solid
	G : 3	Type: Solid
	G : 4	Type: Solid
	G : 5	Type: Solid
	G : 6	Type: Solid
	G : 7	Type: Solid
	G : 8	Type: Void
Number of bodysets   in task: 9
-----------------------------------------------------------------------
BodySet (0):
	Making hash and connectivity for Bodyset ...
		CBodyGeom:
		Hash size: {32, 32, 42}.
		Mesh size: {16, 8, 14}.
		Hashing triangles...Ok.
			axis(0) tr sizes: average=50 max=1300
			axis(1) tr sizes: average=40 max=1031
			axis(2) tr sizes: average=64 max=1659
		Number of t-connected sets:2 (cavity=1)
		CBodyGeomRef:
		Hashing triangles...Ok.
			axis(0) tr sizes: average=324 max=5426
			axis(1) tr sizes: average=162 max=3328
			axis(2) tr sizes: average=302 max=4186
	0.0239 s.
BodySet (1):
	Making hash and connectivity for Bodyset ...
		CBodyGeom:
		Hash size: {16, 8, 14}.
		Mesh size: {16, 8, 14}.
		Hashing triangles...Ok.
			axis(0) tr sizes: average=3 max=12
			axis(1) tr sizes: average=2 max=13
			axis(2) tr sizes: average=3 max=10
		Number of t-connected sets:2 (cavity=1)
		CBodyGeomRef:
		Hashing triangles...Ok.
			axis(0) tr sizes: average=3 max=9
			axis(1) tr sizes: average=2 max=9
			axis(2) tr sizes: average=4 max=10
	0.000403 s.
BodySet (2):
	Making hash and connectivity for Bodyset ...
		CBodyGeom:
		Hash size: {16, 8, 14}.
		Mesh size: {16, 8, 14}.
		Hashing triangles...Ok.
			axis(0) tr sizes: average=4 max=18
			axis(1) tr sizes: average=5 max=15
			axis(2) tr sizes: average=4 max=16
		Number of t-connected sets:2 (cavity=1)
		CBodyGeomRef:
		Hashing triangles...Ok.
			axis(0) tr sizes: average=8 max=87
			axis(1) tr sizes: average=6 max=36
			axis(2) tr sizes: average=7 max=99
	0.00133 s.
BodySet (3):
	Making hash and connectivity for Bodyset ...
		CBodyGeom:
		Hash size: {16, 8, 14}.
		Mesh size: {16, 8, 14}.
		Hashing triangles...Ok.
			axis(0) tr sizes: average=9 max=78
			axis(1) tr sizes: average=8 max=73
			axis(2) tr sizes: average=12 max=279
		Number of t-connected sets:2 (cavity=1)
		CBodyGeomRef:
		Hashing triangles...Ok.
			axis(0) tr sizes: average=14 max=94
			axis(1) tr sizes: average=19 max=95
			axis(2) tr sizes: average=35 max=367
	0.00197 s.
BodySet (4):
	Making hash and connectivity for Bodyset ...
		CBodyGeom:
		Hash size: {16, 8, 14}.
		Mesh size: {16, 8, 14}.
		Hashing triangles...Ok.
			axis(0) tr sizes: average=45 max=254
			axis(1) tr sizes: average=15 max=170
			axis(2) tr sizes: average=40 max=202
		Number of t-connected sets:4 (cavity=2)
		CBodyGeomRef:
		Hashing triangles...Ok.
			axis(0) tr sizes: average=48 max=349
			axis(1) tr sizes: average=16 max=207
			axis(2) tr sizes: average=42 max=265
	0.00185 s.
BodySet (5):
	Making hash and connectivity for Bodyset ...
		CBodyGeom:
		Hash size: {16, 24, 14}.
		Mesh size: {16, 8, 14}.
		Hashing triangles...Ok.
			axis(0) tr sizes: average=40 max=1130
			axis(1) tr sizes: average=56 max=1625
			axis(2) tr sizes: average=40 max=1605
		Number of t-connected sets:3 (cavity=2)
		CBodyGeomRef:
		Hashing triangles...Ok.
			axis(0) tr sizes: average=187 max=922
			axis(1) tr sizes: average=113 max=792
			axis(2) tr sizes: average=169 max=1406
	0.00624 s.
BodySet (6):
	Making hash and connectivity for Bodyset ...
		CBodyGeom:
		Hash size: {16, 32, 28}.
		Mesh size: {16, 8, 14}.
		Hashing triangles...Ok.
			axis(0) tr sizes: average=20 max=1489
			axis(1) tr sizes: average=34 max=1928
			axis(2) tr sizes: average=32 max=1249
		Number of t-connected sets:3 (cavity=2)
		CBodyGeomRef:
		Hashing triangles...Ok.
			axis(0) tr sizes: average=143 max=926
			axis(1) tr sizes: average=181 max=796
			axis(2) tr sizes: average=252 max=1093
	0.00729 s.
BodySet (7):
	Making hash and connectivity for Bodyset ...
		CBodyGeom:
		Hash size: {16, 16, 14}.
		Mesh size: {16, 8, 14}.
		Hashing triangles...Ok.
			axis(0) tr sizes: average=32 max=812
			axis(1) tr sizes: average=30 max=890
			axis(2) tr sizes: average=28 max=397
		Number of t-connected sets:2 (cavity=1)
		CBodyGeomRef:
		Hashing triangles...Ok.
			axis(0) tr sizes: average=92 max=584
			axis(1) tr sizes: average=53 max=425
			axis(2) tr sizes: average=77 max=327
	0.00347 s.
BodySet (8):
	Making hash and connectivity for Bodyset ...
		CBodyGeom:
		Hash size: {16, 8, 14}.
		Mesh size: {16, 8, 14}.
		Hashing triangles...Ok.
			axis(0) tr sizes: average=3 max=7
			axis(1) tr sizes: average=2 max=8
			axis(2) tr sizes: average=3 max=7
		Number of t-connected sets:1 (cavity=0)
		CBodyGeomRef:
		Hashing triangles...Ok.
			axis(0) tr sizes: average=3 max=7
			axis(1) tr sizes: average=2 max=8
			axis(2) tr sizes: average=3 max=7
	0.000304 s.
Geometries reading and preparing has taken 0.086 s.
-----------------------------------------------------------------------
Mapped triangles:
Hashing rough geometry(bodies) triangulation:
BodySet (0):
	Triangles num=27456
	Triangles box={-0.0730354 ,-0.0077751 ,-0.0194919 ,0.0166522 ,0.0134394 ,0.0686596}
		3d-hash size is 176328 bytes
BodySet (1):
	Triangles num=24
	Triangles box={-0.0730354 ,-0.0077751 ,-0.0194919 ,0.0166522 ,0.0134394 ,0.0686596}
		3d-hash size is 7384 bytes
BodySet (2):
	Triangles num=24
	Triangles box={-0.0730354 ,-0.0077751 ,-0.0194919 ,0.0166522 ,0.0134394 ,0.0686596}
		3d-hash size is 9272 bytes
BodySet (3):
	Triangles num=408
	Triangles box={-0.0730354 ,-0.0077751 ,-0.0194919 ,0.0166522 ,0.0134394 ,0.0686596}
		3d-hash size is 13028 bytes
BodySet (4):
	Triangles num=896
	Triangles box={-0.0730354 ,-0.0077751 ,-0.0194919 ,0.0166522 ,0.0134394 ,0.0686596}
		3d-hash size is 33388 bytes
BodySet (5):
	Triangles num=9220
	Triangles box={-0.0730354 ,-0.0077751 ,-0.0194919 ,0.0166522 ,0.0134394 ,0.0686596}
		3d-hash size is 59452 bytes
BodySet (6):
	Triangles num=12030
	Triangles box={-0.0730354 ,-0.0077751 ,-0.0194919 ,0.0166522 ,0.0134394 ,0.0686596}
		3d-hash size is 63156 bytes
BodySet (7):
	Triangles num=4710
	Triangles box={-0.0730354 ,-0.0077751 ,-0.0194919 ,0.0166522 ,0.0134394 ,0.0686596}
		3d-hash size is 34296 bytes
BodySet (8):
	Triangles num=12
	Triangles box={-0.0729052 ,-0.00790523 ,-0.0194198 ,0.0165802 ,0.0135495 ,0.0685495}
		3d-hash size is 11472 bytes

Hashing peculiar surfaces triangles:
Surface triangles (0):
	Triangles num=2
	Triangles box={-0.0518126 ,-0.0337026 ,-0.0133198 ,-0.00681984 ,0.0499579 ,0.0499579}
		3d-hash size is 7240 bytes
Surface triangles (1):
	Triangles num=2
	Triangles box={-0.0518818 ,-0.033772 ,-0.0133198 ,-0.00681984 ,0.0419548 ,0.0420266}
		3d-hash size is 7240 bytes

Mapped triangles processed in 0.025 s.
-----------------------------------------------------------------------
-----------------------------------------------------------------------
Getting sectors:
Number of sectors: 0
-----------------------------------------------------------------------
-----------------------------------------------------------------------
Bodies:     9
Faces:      478
Edges:      1059
Triangles:  54780
-----------------------------------------------------------------------

Current CPU = 0 sec
-----------------------------------------------------------------------
Memory Working Set Current = 63.78 Mb, Memory Working Set Peak = 70.33 Mb
Memory Private Bytes Current = 64.12 Mb, Memory Private Bytes Peak = 69.59 Mb
Process Threads Number: 18
-----------------------------------------------------------------------
-----------------------------------------------------------------------
Checking faces on CD...
FCD = [0 0 0 0 0 0]
FCD_conflicts = 0
Time (check faces on CD)=0.000 s
-----------------------------------------------------------------------

-----------------------------------------------------------------------
Mesh dimensions:
				I[0 ]=16
				I[1 ]=8
				I[2 ]=14

Comp. domain size:
				a[0  ]=-0.0729702
				a[1  ]=-0.00784023
				a[2  ]=-0.0194558
				a[3  ]=0.0166162
				a[4  ]=0.0134945
				a[5  ]=0.0686045

Fluid calculated			1
Solid calculated			1
-----------------------------------------------------------------------
MESH Build started...
-----------------------------------------------------------------------
Mesh LEVEL = 2
-----------------------------------------------------------------------
-----------------------------------------------------------------------
CPT-mode xeps:
	D / dh / eps [axis=0] = (0.06513, 0.00101734, 1.01734e-06)
	D / dh / eps [axis=1] = (0.036072, 0.00112694, 1.12694e-06)
	D / dh / eps [axis=2] = (0.05511, 0.000983881, 9.83881e-07)
-----------------------------------------------------------------------
Initial allocation and brick-body-box intersection...OK (0.000 s)
Initial triangle brick intersection...OK (0.000 s)
Setting regions (1792 / 1792)...OK (0.000 s)
-----------------------------------------------------------------------
Base mesh info:
	3D task
	Nx=16
	Ny=8
	Nz=14
	N(Nx*Ny*Nz) = 128
	Period    axis=[0, 0, 0]
	Symmetry  ni=[0 0 0 0 0 0]
	ZoomingBC ni=[0 0 0 0 0 0]
	Nx=16
		x[0]=-0.0729702
		x[1]=-0.0688983
		x[2]=-0.0648277
		x[3]=-0.0607571
		x[4]=-0.0566865
		x[5]=-0.0526158
		x[6]=-0.0485452
		x[7]=-0.0444746
		x[8]=-0.040404
		x[9]=-0.0363333
		x[10]=-0.0322627
		x[11]=-0.0281921
		x[12]=-0.0241215
		x[13]=-0.0200508
		x[14]=-0.0159802
		x[15]=-0.0119096
		x[16]=-0.00784023
	Ny=8
		y[0]=-0.0194558
		y[1]=-0.0149456
		y[2]=-0.0104366
		y[3]=-0.00592762
		y[4]=-0.00141862
		y[5]=0.00309038
		y[6]=0.00759938
		y[7]=0.0121084
		y[8]=0.0166162
	Nz=14
		z[0]=0.0134945
		z[1]=0.0174318
		z[2]=0.0213683
		z[3]=0.0253047
		z[4]=0.0292411
		z[5]=0.0331776
		z[6]=0.037114
		z[7]=0.0410504
		z[8]=0.0449868
		z[9]=0.0489233
		z[10]=0.0528597
		z[11]=0.0567961
		z[12]=0.0607326
		z[13]=0.064669
		z[14]=0.0686045
-----------------------------------------------------------------------
Input_mesh_settings--------------------------------
Settings 0----------------
	Scope: GLOBAL
	Type:	------MESHER_SETTINGS----------
	RefAllCells           =0
	RefFluidCells         =0
	RefPartCells          =0
	RefSolidCells         =0
	l_SSFR(Capture crit)  =1
	l_curv(Curvature crit)=0
	l_tol(Tolerance crit) =1
	  k_tol               =0.000325
	UseChannelRef         =1
	  NCR_method          =0
	  l_NCR               =2
	  N_gap               =5
	  Use d_NCR_min       =0
	  Use d_NCR_max       =0
	CloseThinSlotsHeight         =0
	--END_OF_MESHER_SETTINGS-------
End of input mesh settings-------------------------
-----------------------------------------------------------------------
Memory Working Set Current = 64.67 Mb, Memory Working Set Peak = 70.33 Mb
Memory Private Bytes Current = 65.17 Mb, Memory Private Bytes Peak = 69.59 Mb
Process Threads Number: 18
-----------------------------------------------------------------------
MMP (msh): locals=1, allc_sz=0.27 MB, used_sz=0.22 MB, blks-min-max=9/9
MMP (brx): locals=12, allc_sz=0.74 MB, used_sz=0.60 MB, blks-min-max=1/5
MMP (bcf): locals=0, allc_sz=0.00 MB, used_sz=0.00 MB, blks-min-max=0/0
MMP (xsl): locals=0, allc_sz=0.00 MB, used_sz=0.00 MB, blks-min-max=0/0
NxNyNz = [16, 8, 14]
base_dx=0.00417202; 
NxNyNz_reverse = [16, 9, 13]

-----------------------------------------------------------------------
Refining geometries:
-----------------------------------------------------------------------

-----------------------------------------------------------------------
Refining by triangulation...
Refinement input: 1792 bricks
	Checking crit (1792 / 1792)...564 marked (0.043 s)
	Time(refinement): 0.001 s
Setting regions (4512 / 5740)...OK (0.000 s)
	Checking crit (4512 / 5740)...383 marked (0.039 s)
	Time(refinement): 0.001 s
Setting regions (4072 / 9303)...OK (0.000 s)
	Checking crit (1008 / 9303)...0 marked (0.000 s)
Refinement result (2 iterations): 9303 bricks (0.087 s)
Refinement input: 9303 bricks
	Checking crit (6239 / 9303)...0 marked (0.002 s)
Refinement result (0 iterations): 9303 bricks (0.002 s)
Collecting and processing rays:
	Adding rays...OK (0.001 s)
	new bricks = 9303 / 9303
	new rays   = 3135 (x=793, y=1288, z=1054)
	Processing rays...
		Rays process:  0.032 (0.114) s
		Sort xstacks:  0.000 (0.002) s
		Put xstacks:   0.002 (0.014) s
		Total:         0.034 s
	Correcting rays...
		Lame vertices: 0.008 (0.061) s
		Bad rays:      0.000 (0.000) s
		Emit rays:     0.000 (0.000) s
		Correct ray f: 0.000 (0.000) s
		Undef:         0.000 (0.000) s
		Sum:           0.009 (0.069) s
		Total:         0.010 s
	Time (rays): 0.046 s
Capturing (9303 / 9303)...OK (0.009 s)
Refining by triangulation takes 0.143 s
-----------------------------------------------------------------------

-----------------------------------------------------------------------
Refining peculiar surfaces...
Collecting and processing rays:
	Adding rays...OK (0.000 s)
	new bricks = 0 / 9303
	new rays   = 0 (x=0, y=0, z=0)
	Processing rays...
		Rays process:  0.000 (0.000) s
		Sort xstacks:  0.000 (0.000) s
		Put xstacks:   0.000 (0.000) s
		Total:         0.000 s
	Correcting rays...
		Total:         0.000 s
	Time (rays): 0.001 s
Capturing (0 / 9303)...OK (0.000 s)
0 surfaces refined
Refining peculiar surfaces takes 0.001 s
-----------------------------------------------------------------------

-----------------------------------------------------------------------
Base mesh 1 Refining...
Collecting and processing rays:
	Adding rays...OK (0.000 s)
	new bricks = 0 / 9303
	new rays   = 0 (x=0, y=0, z=0)
	Processing rays...
		Rays process:  0.000 (0.000) s
		Sort xstacks:  0.000 (0.000) s
		Put xstacks:   0.000 (0.000) s
		Total:         0.000 s
	Correcting rays...
		Total:         0.000 s
	Time (rays): 0.000 s
Capturing (0 / 9303)...OK (0.000 s)
Refinement input: 9303 bricks
	Checking crit (6239 / 9303)...0 marked (0.000 s)
Refinement result (0 iterations): 9303 bricks (0.000 s)
-----------------------------------------------------------------------
Refining channels...
FYI: CNarrowChannelRefiner::RefineChannels_PRLL
Refinement input: 9303 bricks
	Time(refinement): 0.001 s
Setting regions (5064 / 13734)...OK (0.000 s)
Refinement result (1 iterations): 13734 bricks (0.003 s)
Collecting and processing rays:
	Adding rays...OK (0.000 s)
	new bricks = 5064 / 13734
	new rays   = 278 (x=85, y=141, z=52)
	Processing rays...
		Rays process:  0.001 (0.006) s
		Sort xstacks:  0.000 (0.000) s
		Put xstacks:   0.000 (0.002) s
		Total:         0.002 s
	Correcting rays...
		Lame vertices: 0.006 (0.041) s
		Bad rays:      0.000 (0.000) s
		Emit rays:     0.000 (0.000) s
		Correct ray f: 0.000 (0.000) s
		Undef:         0.000 (0.000) s
		Sum:           0.006 (0.041) s
		Total:         0.006 s
	Time (rays): 0.009 s
Capturing (5064 / 13734)...OK (0.005 s)
FYI: m_iteration_count = 0
FYI: level1 statistics:
     level1_cnt_plus[1]=5064;		level1_cnt_minus[1]=0
     level1_cnt_plus[2]=0;		level1_cnt_minus[2]=0
     level1_cnt_plus[3]=0;		level1_cnt_minus[3]=0
     level1_cnt_plus[4]=0;		level1_cnt_minus[4]=0
     level1_cnt_plus[5]=0;		level1_cnt_minus[5]=0
     level1_cnt_plus[6]=0;		level1_cnt_minus[6]=0
     level1_cnt_plus[7]=0;		level1_cnt_minus[7]=0
     level1_cnt_plus[8]=0;		level1_cnt_minus[8]=0
     level1_cnt_plus[9]=0;		level1_cnt_minus[9]=0
Refinement input: 13734 bricks
	Time(refinement): 0.000 s
Setting regions (144 / 13860)...OK (0.000 s)
Refinement result (1 iterations): 13860 bricks (0.001 s)
Collecting and processing rays:
	Adding rays...OK (0.000 s)
	new bricks = 144 / 13860
	new rays   = 7 (x=2, y=5, z=0)
	Processing rays...
		Rays process:  0.000 (0.000) s
		Sort xstacks:  0.000 (0.000) s
		Put xstacks:   0.000 (0.000) s
		Total:         0.000 s
	Correcting rays...
		Lame vertices: 0.001 (0.003) s
		Bad rays:      0.000 (0.000) s
		Emit rays:     0.000 (0.000) s
		Correct ray f: 0.000 (0.000) s
		Undef:         0.000 (0.000) s
		Sum:           0.001 (0.003) s
		Total:         0.001 s
	Time (rays): 0.002 s
Capturing (144 / 13860)...OK (0.000 s)
FYI: m_iteration_count = 1
FYI: level1 statistics:
     level1_cnt_plus[1]=5208;		level1_cnt_minus[1]=0
     level1_cnt_plus[2]=0;		level1_cnt_minus[2]=0
     level1_cnt_plus[3]=0;		level1_cnt_minus[3]=0
     level1_cnt_plus[4]=0;		level1_cnt_minus[4]=0
     level1_cnt_plus[5]=0;		level1_cnt_minus[5]=0
     level1_cnt_plus[6]=0;		level1_cnt_minus[6]=0
     level1_cnt_plus[7]=0;		level1_cnt_minus[7]=0
     level1_cnt_plus[8]=0;		level1_cnt_minus[8]=0
     level1_cnt_plus[9]=0;		level1_cnt_minus[9]=0
Refinement input: 13860 bricks
	Time(refinement): 0.000 s
Setting regions (16 / 13874)...OK (0.000 s)
Refinement result (1 iterations): 13874 bricks (0.001 s)
Collecting and processing rays:
	Adding rays...OK (0.000 s)
	new bricks = 16 / 13874
	new rays   = 0 (x=0, y=0, z=0)
	Processing rays...
		Rays process:  0.000 (0.000) s
		Sort xstacks:  0.000 (0.000) s
		Put xstacks:   0.000 (0.000) s
		Total:         0.000 s
	Correcting rays...
		Total:         0.000 s
	Time (rays): 0.000 s
Capturing (16 / 13874)...OK (0.000 s)
FYI: m_iteration_count = 2
FYI: level1 statistics:
     level1_cnt_plus[1]=5224;		level1_cnt_minus[1]=0
     level1_cnt_plus[2]=0;		level1_cnt_minus[2]=0
     level1_cnt_plus[3]=0;		level1_cnt_minus[3]=0
     level1_cnt_plus[4]=0;		level1_cnt_minus[4]=0
     level1_cnt_plus[5]=0;		level1_cnt_minus[5]=0
     level1_cnt_plus[6]=0;		level1_cnt_minus[6]=0
     level1_cnt_plus[7]=0;		level1_cnt_minus[7]=0
     level1_cnt_plus[8]=0;		level1_cnt_minus[8]=0
     level1_cnt_plus[9]=0;		level1_cnt_minus[9]=0
FYI: m_iteration_count = 3
FYI: level1 statistics:
     level1_cnt_plus[1]=5224;		level1_cnt_minus[1]=0
     level1_cnt_plus[2]=0;		level1_cnt_minus[2]=0
     level1_cnt_plus[3]=0;		level1_cnt_minus[3]=0
     level1_cnt_plus[4]=0;		level1_cnt_minus[4]=0
     level1_cnt_plus[5]=0;		level1_cnt_minus[5]=0
     level1_cnt_plus[6]=0;		level1_cnt_minus[6]=0
     level1_cnt_plus[7]=0;		level1_cnt_minus[7]=0
     level1_cnt_plus[8]=0;		level1_cnt_minus[8]=0
     level1_cnt_plus[9]=0;		level1_cnt_minus[9]=0
Refinement input: 13874 bricks
	Time(refinement): 0.003 s
Setting regions (28240 / 38584)...OK (0.000 s)
Refinement result (1 iterations): 38584 bricks (0.006 s)
Collecting and processing rays:
	Adding rays...OK (0.002 s)
	new bricks = 28240 / 38584
	new rays   = 2981 (x=506, y=1651, z=824)
	Processing rays...
		Rays process:  0.007 (0.044) s
		Sort xstacks:  0.001 (0.003) s
		Put xstacks:   0.003 (0.018) s
		Total:         0.009 s
	Correcting rays...
		Lame vertices: 0.030 (0.230) s
		Bad rays:      0.000 (0.000) s
		Emit rays:     0.003 (0.005) s
		Correct ray f: 0.000 (0.000) s
		Undef:         0.000 (0.000) s
		Sum:           0.040 (0.235) s
		Total:         0.040 s
	Time (rays): 0.052 s
Capturing (28240 / 38584)...OK (0.021 s)
FYI: m_iteration_count = 4
FYI: level1 statistics:
     level1_cnt_plus[1]=24131;		level1_cnt_minus[1]=0
     level1_cnt_plus[2]=8296;		level1_cnt_minus[2]=0
     level1_cnt_plus[3]=0;		level1_cnt_minus[3]=0
     level1_cnt_plus[4]=0;		level1_cnt_minus[4]=0
     level1_cnt_plus[5]=0;		level1_cnt_minus[5]=0
     level1_cnt_plus[6]=0;		level1_cnt_minus[6]=0
     level1_cnt_plus[7]=0;		level1_cnt_minus[7]=0
     level1_cnt_plus[8]=0;		level1_cnt_minus[8]=0
     level1_cnt_plus[9]=0;		level1_cnt_minus[9]=0
Refinement input: 38584 bricks
	Time(refinement): 0.000 s
Setting regions (928 / 39396)...OK (0.001 s)
Refinement result (1 iterations): 39396 bricks (0.005 s)
Collecting and processing rays:
	Adding rays...OK (0.000 s)
	new bricks = 928 / 39396
	new rays   = 40 (x=2, y=26, z=12)
	Processing rays...
		Rays process:  0.000 (0.001) s
		Sort xstacks:  0.000 (0.000) s
		Put xstacks:   0.000 (0.001) s
		Total:         0.000 s
	Correcting rays...
		Lame vertices: 0.002 (0.013) s
		Bad rays:      0.000 (0.000) s
		Emit rays:     0.000 (0.000) s
		Correct ray f: 0.000 (0.000) s
		Undef:         0.000 (0.000) s
		Sum:           0.002 (0.013) s
		Total:         0.003 s
	Time (rays): 0.004 s
Capturing (928 / 39396)...OK (0.002 s)
FYI: m_iteration_count = 5
FYI: level1 statistics:
     level1_cnt_plus[1]=24861;		level1_cnt_minus[1]=0
     level1_cnt_plus[2]=8472;		level1_cnt_minus[2]=0
     level1_cnt_plus[3]=0;		level1_cnt_minus[3]=0
     level1_cnt_plus[4]=0;		level1_cnt_minus[4]=0
     level1_cnt_plus[5]=0;		level1_cnt_minus[5]=0
     level1_cnt_plus[6]=0;		level1_cnt_minus[6]=0
     level1_cnt_plus[7]=0;		level1_cnt_minus[7]=0
     level1_cnt_plus[8]=0;		level1_cnt_minus[8]=0
     level1_cnt_plus[9]=0;		level1_cnt_minus[9]=0
Refinement input: 39396 bricks
	Time(refinement): 0.000 s
Setting regions (64 / 39452)...OK (0.000 s)
Refinement result (1 iterations): 39452 bricks (0.003 s)
Collecting and processing rays:
	Adding rays...OK (0.000 s)
	new bricks = 64 / 39452
	new rays   = 6 (x=2, y=4, z=0)
	Processing rays...
		Rays process:  0.000 (0.000) s
		Sort xstacks:  0.000 (0.000) s
		Put xstacks:   0.000 (0.000) s
		Total:         0.000 s
	Correcting rays...
		Lame vertices: 0.001 (0.004) s
		Bad rays:      0.000 (0.000) s
		Emit rays:     0.000 (0.000) s
		Correct ray f: 0.000 (0.000) s
		Undef:         0.000 (0.000) s
		Sum:           0.001 (0.004) s
		Total:         0.001 s
	Time (rays): 0.002 s
Capturing (64 / 39452)...OK (0.000 s)
FYI: m_iteration_count = 6
FYI: level1 statistics:
     level1_cnt_plus[1]=24889;		level1_cnt_minus[1]=0
     level1_cnt_plus[2]=8504;		level1_cnt_minus[2]=0
     level1_cnt_plus[3]=0;		level1_cnt_minus[3]=0
     level1_cnt_plus[4]=0;		level1_cnt_minus[4]=0
     level1_cnt_plus[5]=0;		level1_cnt_minus[5]=0
     level1_cnt_plus[6]=0;		level1_cnt_minus[6]=0
     level1_cnt_plus[7]=0;		level1_cnt_minus[7]=0
     level1_cnt_plus[8]=0;		level1_cnt_minus[8]=0
     level1_cnt_plus[9]=0;		level1_cnt_minus[9]=0
Refinement input: 39452 bricks
	Time(refinement): 0.000 s
Setting regions (8 / 39459)...OK (0.001 s)
Refinement result (1 iterations): 39459 bricks (0.004 s)
Collecting and processing rays:
	Adding rays...OK (0.000 s)
	new bricks = 8 / 39459
	new rays   = 0 (x=0, y=0, z=0)
	Processing rays...
		Rays process:  0.000 (0.000) s
		Sort xstacks:  0.000 (0.000) s
		Put xstacks:   0.000 (0.000) s
		Total:         0.000 s
	Correcting rays...
		Total:         0.000 s
	Time (rays): 0.001 s
Capturing (8 / 39459)...OK (0.001 s)
FYI: m_iteration_count = 7
FYI: level1 statistics:
     level1_cnt_plus[1]=24888;		level1_cnt_minus[1]=0
     level1_cnt_plus[2]=8512;		level1_cnt_minus[2]=0
     level1_cnt_plus[3]=0;		level1_cnt_minus[3]=0
     level1_cnt_plus[4]=0;		level1_cnt_minus[4]=0
     level1_cnt_plus[5]=0;		level1_cnt_minus[5]=0
     level1_cnt_plus[6]=0;		level1_cnt_minus[6]=0
     level1_cnt_plus[7]=0;		level1_cnt_minus[7]=0
     level1_cnt_plus[8]=0;		level1_cnt_minus[8]=0
     level1_cnt_plus[9]=0;		level1_cnt_minus[9]=0
FYI: m_iteration_count = 8
FYI: level1 statistics:
     level1_cnt_plus[1]=24888;		level1_cnt_minus[1]=0
     level1_cnt_plus[2]=8512;		level1_cnt_minus[2]=0
     level1_cnt_plus[3]=0;		level1_cnt_minus[3]=0
     level1_cnt_plus[4]=0;		level1_cnt_minus[4]=0
     level1_cnt_plus[5]=0;		level1_cnt_minus[5]=0
     level1_cnt_plus[6]=0;		level1_cnt_minus[6]=0
     level1_cnt_plus[7]=0;		level1_cnt_minus[7]=0
     level1_cnt_plus[8]=0;		level1_cnt_minus[8]=0
     level1_cnt_plus[9]=0;		level1_cnt_minus[9]=0
FYI: level1 statistics:
     level1_cnt_plus[1]=24888;		level1_cnt_minus[1]=0
     level1_cnt_plus[2]=8512;		level1_cnt_minus[2]=0
     level1_cnt_plus[3]=0;		level1_cnt_minus[3]=0
     level1_cnt_plus[4]=0;		level1_cnt_minus[4]=0
     level1_cnt_plus[5]=0;		level1_cnt_minus[5]=0
     level1_cnt_plus[6]=0;		level1_cnt_minus[6]=0
     level1_cnt_plus[7]=0;		level1_cnt_minus[7]=0
     level1_cnt_plus[8]=0;		level1_cnt_minus[8]=0
     level1_cnt_plus[9]=0;		level1_cnt_minus[9]=0

-----------------------------------------------------------------------
U-shapes refinement...
Refinement input: 39459 bricks
	Checking crit (6595 / 39459)...0 marked (0.001 s)
Refinement result (0 iterations): 39459 bricks (0.001 s)
Collecting and processing rays:
	Adding rays...OK (0.000 s)
	new bricks = 0 / 39459
	new rays   = 0 (x=0, y=0, z=0)
	Processing rays...
		Rays process:  0.000 (0.000) s
		Sort xstacks:  0.000 (0.000) s
		Put xstacks:   0.000 (0.000) s
		Total:         0.000 s
	Correcting rays...
		Total:         0.000 s
	Time (rays): 0.001 s
Capturing (0 / 39459)...OK (0.001 s)
-----------------------------------------------------------------------

-----------------------------------------------------------------------
Equi Distant Refiner:
Equi Distant Refiner takes 0.00 s
-----------------------------------------------------------------------

/-Ray Intersection---------------/ Time	0.368 s
Calls                58023
CorrectRay Calls     0



-----------------------------------------------------------------------
Refining geometries takes 0.448 s
-----------------------------------------------------------------------
-----------------------------------------------------------------------
Memory Working Set Current = 121.04 Mb, Memory Working Set Peak = 139.25 Mb
Memory Private Bytes Current = 126.60 Mb, Memory Private Bytes Peak = 144.94 Mb
Process Threads Number: 18
-----------------------------------------------------------------------
Defect ray count	0
FYI: CNarrowChannelRefiner::RedistributeLevel1_step_1: is started
FYI: CNarrowChannelRefiner::RedistributeLevel1_step_1: is finished (0.027 s)
FYI: level1 statistics:
     level1_cnt_plus[1]=3636;		level1_cnt_minus[1]=0
     level1_cnt_plus[2]=29764;		level1_cnt_minus[2]=0
     level1_cnt_plus[3]=0;		level1_cnt_minus[3]=0
     level1_cnt_plus[4]=0;		level1_cnt_minus[4]=0
     level1_cnt_plus[5]=0;		level1_cnt_minus[5]=0
     level1_cnt_plus[6]=0;		level1_cnt_minus[6]=0
     level1_cnt_plus[7]=0;		level1_cnt_minus[7]=0
     level1_cnt_plus[8]=0;		level1_cnt_minus[8]=0
     level1_cnt_plus[9]=0;		level1_cnt_minus[9]=0
FYI: CNarrowChannelRefiner::RedistributeLevel1_step_2: is started
FYI: CNarrowChannelRefiner::RedistributeLevel1_step_2: is finished (0.062 s)
FYI: level1 statistics:
     level1_cnt_plus[1]=5457;		level1_cnt_minus[1]=0
     level1_cnt_plus[2]=32542;		level1_cnt_minus[2]=0
     level1_cnt_plus[3]=0;		level1_cnt_minus[3]=0
     level1_cnt_plus[4]=0;		level1_cnt_minus[4]=0
     level1_cnt_plus[5]=0;		level1_cnt_minus[5]=0
     level1_cnt_plus[6]=0;		level1_cnt_minus[6]=0
     level1_cnt_plus[7]=0;		level1_cnt_minus[7]=0
     level1_cnt_plus[8]=0;		level1_cnt_minus[8]=0
     level1_cnt_plus[9]=0;		level1_cnt_minus[9]=0
FYI: CNarrowChannelRefiner::RedistributeLevel1_step_3: is started
FYI: CNarrowChannelRefiner::RedistributeLevel1_step_3: is finished (0.006 s)
RedistributeLevel1 takes:
FYI: level1 statistics:
     level1_cnt_plus[1]=5457;		level1_cnt_minus[1]=20
     level1_cnt_plus[2]=32542;		level1_cnt_minus[2]=12
     level1_cnt_plus[3]=0;		level1_cnt_minus[3]=0
     level1_cnt_plus[4]=0;		level1_cnt_minus[4]=0
     level1_cnt_plus[5]=0;		level1_cnt_minus[5]=0
     level1_cnt_plus[6]=0;		level1_cnt_minus[6]=0
     level1_cnt_plus[7]=0;		level1_cnt_minus[7]=0
     level1_cnt_plus[8]=0;		level1_cnt_minus[8]=0
     level1_cnt_plus[9]=0;		level1_cnt_minus[9]=0
-----------------------------------------------------------------------
MSH format builder (Iteration 0)
-----------------------------------------------------------------------
Memory Working Set Current = 129.35 Mb, Memory Working Set Peak = 157.18 Mb
Memory Private Bytes Current = 137.56 Mb, Memory Private Bytes Peak = 163.09 Mb
Process Threads Number: 18
-----------------------------------------------------------------------
Total bricks count: 39459
-----------------------------------------------------------------------
MSH (Real Geometry) format constructor:
	Geom    Count = 9
	Bodyset Count = 9
	3D task
	Getting brick sets...OK (0.001 s)

	Min x-stack xeps = 7.2072e-05
	D / dh / eps [axis=0] = (0.06513, 0.00101734, 1.01734e-06)
	D / dh / eps [axis=1] = (0.036072, 0.00112694, 1.12694e-06)
	D / dh / eps [axis=2] = (0.05511, 0.000983881, 9.83881e-07)
	Time (xeps): 0.000 s
Level 2
	Set (0)  size: 16432
	Set (0)  time: 0.124 s
	Set (1)  size: 16432
	Set (1)  time: 0.124 s
Level 1
	Set (0)  size: 3041
	Set (0)  time: 0.026 s
	Set (1)  size: 3035
	Set (1)  time: 0.024 s
Level 0
	Set (0)  size: 260
	Set (0)  time: 0.003 s
	Set (1)  size: 259
	Set (1)  time: 0.002 s

	Spread npq bricks...1 marked (0.001 s)

Result:
	Bricks number:                        39459

	Memory usage:                         11.008 MB
	Memory usage (per brick):             0.286 KB
	Construction time:                    0.306 s

	Topology features:
	------------------
	- High quality bricks                   99.98 % (39452)
	- Medium quality bricks                  0.02 % (7)
	- Bad quality bricks                     0.00 % (0)
	- NPQ bricks                             0.04 % (14)
	- Type-1 bricks                         41.69 % (16451)
	- Ribs corrected bricks                  0.00 % (0)
	- Points with geom-info (bricks)         0.03 % (11)
	- Points with closest-info (bricks)      0.00 % (0)
	- Triangulated by center (bricks)        0.02 % (8)
	- Facet w-faces mergings (bricks)        0.00 % (0)
	- To refine (bricks)                     0.00 % (0)
	- Points-count                           0.00 % (0)
	- T-self-intersection-all (bricks)       0.00 % (0)
	- T-self-intersection-simple (bricks)    0.00 % (0)
	- T-self-intersection-complex (bricks)   0.00 % (0)
	- NPQ by reason 1 u-shape                0.01 % (4)
	- NPQ by reason 2 tri-by-ctr             0.00 % (1)
	- NPQ by reason 3 ray-correction         0.00 % (0)
	- NPQ by reason 4 t-self-intersection    0.00 % (0)
	- NPQ by reason 5 non-good               0.02 % (7)
	- NPQ by reason 6 npq-worker             0.00 % (0)

-----------------------------------------------------------------------
Memory Working Set Current = 151.53 Mb, Memory Working Set Peak = 157.18 Mb
Memory Private Bytes Current = 159.56 Mb, Memory Private Bytes Peak = 163.09 Mb
Process Threads Number: 18
-----------------------------------------------------------------------
-----------------------------------------------------------------------
msh-iterations: 1
-----------------------------------------------------------------------
high---q-brick-count =  99.98 % (39459 39452)
medium-q-brick-count =   0.02 % (39459 7)
bad----q-brick-count =   0.00 % (39459 0)
np-----q-brick-count =   0.04 % (39459 15)
-----------------------------------------------------------------------
Free brick parser storage...OK(0.002 s)
-----------------------------------------------------------------------
Memory Working Set Current = 151.58 Mb, Memory Working Set Peak = 157.18 Mb
Memory Private Bytes Current = 159.56 Mb, Memory Private Bytes Peak = 163.09 Mb
Process Threads Number: 18
-----------------------------------------------------------------------
-----------------------------------------------------------------------
MSH --> BCF format (Iteration 0)...
BCF collector...(remove mode=0)
	Time (alloc counter per brick): 0.001 s
	Brick    count: 39459
	Av.f all count: 36898
	Av.s all count: 25828
	Av.f pid count: 15953
	Av.s pid count: 23765
	Faces fs count: 21503
	Faces ff count: 0
	Faces ss count: 7691
	Faces bb count: 0
	Faces fe count: 0
	Faces se count: 5914
	Faces fw count: 35108
	Faces af count: 106707
	Faces as count: 61634
	Time (all count): 	0.005 s
	Time (bcf alloc): 	0.002 s
	Time (shifts alloc): 	0.001 s
	Time (shifts init): 	0.001 s
	Time (bcf fill): 	0.010 s
	Time (add av to faces): 0.000 s
	Time (add faces to av): 0.006 s
Time (bcf collect): 		0.028 s
	AV checker...
		Hole marker...
			Subdomains:               1.
			Subdomains (cond):        1.
			Time (sd):      0.006 s.
			Time (sd_cond): 0.006 s.
			Time (potential-hole marking): 	0.001 s
			Time (hole checking): 0.000 s.
			0 av(s) are marked to fill subdomain holes.
		Time (hole marker): 0.019 s.
	Time (check av): 	0.027 s
	Subdomain checker...
		Subdomains construction time: 0.009 s.
		Subdomains sort time: 0.000 s.
			Subdomain 0 (geom_ind=0): 36898 av
			Subdomain 1 (geom_ind=1): 291 av
			Subdomain 2 (geom_ind=2): 3008 av
			Subdomain 3 (geom_ind=3): 1830 av
			Subdomain 4 (geom_ind=4): 6363 av
			Subdomain 5 (geom_ind=4): 5548 av
			Subdomain 6 (geom_ind=5): 737 av
			Subdomain 7 (geom_ind=5): 735 av
			Subdomain 8 (geom_ind=6): 442 av
			Subdomain 9 (geom_ind=6): 310 av
			...
			Subdomain 11 (geom_ind=8): 5548 av
		gi: 0, real bodies: 1
		gi: 0, subdomains:  1
		gi: 1, real bodies: 1
		gi: 1, subdomains:  1
		gi: 2, real bodies: 1
		gi: 2, subdomains:  1
		gi: 3, real bodies: 1
		gi: 3, subdomains:  1
		gi: 4, real bodies: 2
		gi: 4, subdomains:  2
		gi: 5, real bodies: 2
		gi: 5, subdomains:  2
		gi: 6, real bodies: 2
		gi: 6, subdomains:  2
		gi: 7, real bodies: 1
		gi: 7, subdomains:  1
		gi: 8, real bodies: 1
		gi: 8, subdomains:  1
		Defect subdomains: 0
	Time (check subdoms): 	0.011 s
Time (bcf iteration total): 	0.067 s
	Time (fw-nb): 		0.001 s
	Fixed mutual fw-nb:     8059 (bb: 0)
	Time (fw-nb mutual): 	0.002 s
	Time (fw-nb sort): 	0.001 s
	Fw-opt BEFORE total:    35108 (fs=21503, ff=0, ss=7691)
	Fw-opt AFTER  total:    34101 (fs=20496, ff=0, ss=7691, failed fw/br=19/3, big_curv=23, big_poly=0)
	Fw-opt RESULT:          1007 (res/(fs+ff+ss) = 3.45 %)
	Time (fw-opt): 		0.002 s
	Time (fw-re-order): 	0.002 s
	Time (fw-nb): 		0.017 s
	Fixed mutual fw-nb:     70534 (bb: 0)
	Time (fw-nb mutual): 	0.006 s
	Time (fw-nb sort): 	0.001 s
	Time (rfd fix): 	0.000 s
	Time (av convexity): 	0.004 s
	Time (av small volume): 0.001 s
	Time (diagonal fw-nb): 	0.018 s
	Fixed mutual fw-nb:     0 (bb: 0)
	Time (fw-nb mutual): 	0.003 s
	Time (fw-nb sort): 	0.001 s
	Fluid subdomains: 1
	Faces fw-nb diff sd:    0
	Time (fw-nb diff sd): 	0.007 s
Time (bcf calc): 		0.071 s
-----------------------------------------------------------------------
Time (bcf total): 		0.138 s
-----------------------------------------------------------------------
bcf-iterations: 1
-----------------------------------------------------------------------
-----------------------------------------------------------------------
Mega-cv constructor for fluid...
	 66 av's is treated as thin
Relative size generator (threshold = 0.05)...
	Iteration 1 (small cluster count = 742)
	Iteration 2 (small cluster count = 401)
	Iteration 3 (small cluster count = 75)
	Iteration 4 (small cluster count = 9)
	Iteration 5 (small cluster count = 0)
	 735 mega-cv's generated
	 1 mega-cv's removed
Relative size generator is completed OK (0.003 s)
Apply fa-rules to mega-cv clusters fixes...
	Fa-rule violation fixes:        1 of        1 (total cluster# =      734)
OK (0.001 s)
There are 6 clusters with nbrs connected in more than one axis
Convert clusters:
	 734 mega-cv's total
Mega-cv count: 734
Time (mega-cv fill): 	0.001 s
Time (mega-cv total): 	0.015 s
-----------------------------------------------------------------------
-----------------------------------------------------------------------
Mega-cv constructor for solid...
-----------------------------------------------------------------------
-----------------------------------------------------------------------
Fixing zero lambda_v_projections for ss-faces (7691)...zero_count=0, recalc_count=0
Time=0.000 s
-----------------------------------------------------------------------

Mixing plane rotation regions: NO.
Sliding mesh rotation regions: NO.
Fluid/fluid faces: NO.
-----------------------------------------------------------------------
Memory Working Set Current = 182.01 Mb, Memory Working Set Peak = 182.64 Mb
Memory Private Bytes Current = 197.09 Mb, Memory Private Bytes Peak = 197.09 Mb
Process Threads Number: 18
-----------------------------------------------------------------------
----------------------------------------------------------
BCF --> BCF.GEOMSUBDOM (bridge arrays):
MESH (0):
	Fluid Subdom Constructor: 1 subdom(s).
	Solid Subdom Constructor: 11 subdom(s).
	Net Asm Subdom Constructor: 0 subdom(s).
	GEOMSUBDOM (0): gi=0 Fluid av=36898 cv=36156 fa=106707 fb=0 fw=20496 V=9.730286e-05
	Cache data...OK
	GEOMSUBDOM (1): gi=4 Solid av=5548 cv=5548 fa=11414 fb=0 fw=12155 V=1.119600e-05
	Cache data...OK
	GEOMSUBDOM (2): gi=8 Void av=5548 cv=5548 fa=11414 fb=0 fw=11828 V=7.737454e-07
	Cache data...OK
	GEOMSUBDOM (3): gi=2 Solid av=3008 cv=3008 fa=8146 fb=0 fw=3578 V=4.301945e-06
	Cache data...OK
	GEOMSUBDOM (4): gi=3 Solid av=1830 cv=1830 fa=5001 fb=0 fw=1912 V=4.531873e-06
	Cache data...OK
	GEOMSUBDOM (5): gi=4 Solid av=6363 cv=6363 fa=16114 fb=0 fw=8304 V=5.357488e-06
	Cache data...OK
	GEOMSUBDOM (6): gi=1 Solid av=291 cv=291 fa=769 fb=0 fw=294 V=3.059100e-07
	Cache data...OK
	GEOMSUBDOM (7): gi=6 Solid av=310 cv=310 fa=814 fb=0 fw=408 V=8.004521e-07
	Cache data...OK
	GEOMSUBDOM (8): gi=5 Solid av=735 cv=735 fa=1999 fb=0 fw=894 V=9.807586e-07
	Cache data...OK
	GEOMSUBDOM (9): gi=6 Solid av=442 cv=442 fa=1079 fb=0 fw=699 V=2.665331e-07
	Cache data...OK
	GEOMSUBDOM (10): gi=5 Solid av=737 cv=737 fa=2026 fb=0 fw=872 V=9.810800e-07
	Cache data...OK
	GEOMSUBDOM (11): gi=7 Solid av=1016 cv=1016 fa=2858 fb=0 fw=848 V=2.675095e-06
	Cache data...OK
	Setting nb of w-faces...OK (0.006 s).
	Correcting nb of w-faces...
	Time(correct_fw_nb)=0.006 s

MESH (0) checking:
	GEOMSUBDOM (0):fa_s=0.1539109785320673 fb_s=0.0000000000000000 fw_s=0.0241989136559588 fw_nb=163616
	              :d_const(33570)=1.48371e-10 d_linear(34101)=4.92794e-10
	GEOMSUBDOM (1):fa_s=0.0120301546791302 fb_s=0.0000000000000000 fw_s=0.0307260000000000 fw_nb=68282
	              :d_const(4480)=2.55153e-12 d_linear(4418)=8.32417e-12
	GEOMSUBDOM (2):fa_s=0.0008391146040829 fb_s=0.0000000000000000 fw_s=0.0316432231600000 fw_nb=48600
	              :d_const(1498)=1.18244e-15 d_linear(4431)=5.04546e-13
	GEOMSUBDOM (3):fa_s=0.0076444491701261 fb_s=0.0000000000000000 fw_s=0.0057105580315076 fw_nb=22240
	              :d_const(88)=5.65184e-12 d_linear(88)=4.99006e-12
	GEOMSUBDOM (4):fa_s=0.0070824518040751 fb_s=0.0000000000000000 fw_s=0.0027277022982037 fw_nb=13326
	              :d_const(1475)=9.77246e-12 d_linear(1475)=3.48828e-11
	GEOMSUBDOM (5):fa_s=0.0128587450346257 fb_s=0.0000000000000000 fw_s=0.0063658438871499 fw_nb=64558
	              :d_const(428)=7.69589e-12 d_linear(428)=1.58389e-11
	GEOMSUBDOM (6):fa_s=0.0006784213737385 fb_s=0.0000000000000000 fw_s=0.0003127800000000 fw_nb=2028
	              :d_const(201)=2.04917e-15 d_linear(221)=1.46203e-14
	GEOMSUBDOM (7):fa_s=0.0012549314720645 fb_s=0.0000000000000000 fw_s=0.0005797095068775 fw_nb=3040
	              :d_const(158)=1.43432e-11 d_linear(158)=2.80292e-11
	GEOMSUBDOM (8):fa_s=0.0020500279302786 fb_s=0.0000000000000000 fw_s=0.0006285672206983 fw_nb=7232
	              :d_const(564)=2.78998e-12 d_linear(192)=2.75623e-11
	GEOMSUBDOM (9):fa_s=0.0007068281620517 fb_s=0.0000000000000000 fw_s=0.0003054767826685 fw_nb=5776
	              :d_const(40)=2.29941e-11 d_linear(40)=4.96648e-11
	GEOMSUBDOM (10):fa_s=0.0020672196364682 fb_s=0.0000000000000000 fw_s=0.0006298127253534 fw_nb=7008
	              :d_const(247)=7.31431e-10 d_linear(736)=2.44427e-09
	GEOMSUBDOM (11):fa_s=0.0042584884851319 fb_s=0.0000000000000000 fw_s=0.0010528424847586 fw_nb=6320
	              :d_const(61)=5.35518e-10 d_linear(61)=2.47346e-09
MESH (0) checking: OK.
Time (MDS): 	0.080 s
----------------------------------------------------------
-----------------------------------------------------------------------
Memory Working Set Current = 202.30 Mb, Memory Working Set Peak = 202.30 Mb
Memory Private Bytes Current = 217.75 Mb, Memory Private Bytes Peak = 217.75 Mb
Process Threads Number: 18
-----------------------------------------------------------------------

-----------------------------------------------------------------------
BCF CHECKSUM DATA (Mesh 0):

BRICK |Level1| Sum:               70585
FACE_A Area Sum:   G.Fluid        0.1539109785320673
FACE_A Area Sum:   G.Solid        0.0514708323517733
FACE_W Area Sum:                  0.0603673264565881
FACE_W Nb   Sum:                  221760
FACE_W min curvatures sum:        -2168586.91404082
FACE_W max curvatures sum:        6632415.13749218
FACE_W ss lambda sum:             -3336
AV Max Disbalance(Const) :        7.09417e-09 (cid=28673, t={53, 12, 25}, avid=27410, pid=11223)
AV Max Disbalance(Linear):        8.88749e-09 (cid=28673, t={53, 12, 25}, avid=27410, pid=11223)
BRICK-AV Volume Disbalance:       0 (cid=0, t={0, 0, 0})
-----------------------------------------------------------------------


-----------------------------------------------------------------------
MESHER TOPOLOGY DATA:

BRICKS: Total                 39459
BRICKS: Fluid                 36372
BRICKS: Fluid Partial         15427
BRICKS: Type 1                16451
BRICKS: Max AV number         5

AV:     G.Total               62726
AV:     G.Fluid               36898
AV:     G.Solid               25828

AV:     G.Fluid Thin Profile    0.20 % (73)
AV:     G.Solid Thin Profile   23.51 % (6071)

AV:     G.Fluid Thin For Mega   0.18 % (66)
AV:     G.Solid Thin For Mega  21.93 % (5665)

AV:     G.Fluid Non-Convex      5.84 % (2154)
AV:     G.Solid Non-Convex      6.62 % (1710)

AV:     G.Fluid Non-Ess-Convex      5.34 % (1969)
AV:     G.Solid Non-Ess-Convex      5.69 % (1470)

FACE_A: G.Fluid          (af) 106707 (partially opened 32397)
FACE_A: G.Solid          (as) 61634 (partially opened 48618)

FACE_B: G.Total          (b)  0

FACE_W: G.Total                 34101       Brick/Bound
FACE_W: G.Fluid/Solid    (fs_g) 20496       0           
FACE_W: G.Fluid/Fluid    (ff_g) 0           0           
FACE_W: G.Solid/Solid    (ss_g) 7691        0           
FACE_W: G.Fluid/Void     (fv_g) 0           0           
FACE_W: G.Fluid/External (fe_g) 0
FACE_W: G.Solid/External (se_g) 5914

AV/CV max fa count (on brick side):4
AV/CV max fw count:                4
AV/CV max fb count:                0
AV/CV max fw poly count:           13

MEMORY: Total                   21.740 MB
MEMORY: Per Brick               0.564 KB
-----------------------------------------------------------------------

-----------------------------------------------------------------------
Connectivities information:
	Number of conns: 0
-----------------------------------------------------------------------
	Time (gap size): 	0.021 s
-----------------------------------------------------------------------
Memory Working Set Current = 202.48 Mb, Memory Working Set Peak = 202.49 Mb
Memory Private Bytes Current = 217.82 Mb, Memory Private Bytes Peak = 217.82 Mb
Process Threads Number: 18
-----------------------------------------------------------------------
-----------------------------------------------------------------------
Calculating curvature and tolerance criteria...
Curvature: min=0 (cid=3) max=3.14159 (cid=5340)
Tolerance: min=0 (cid=3) max=0.00156355 (cid=933)
Calculating curvature and tolerance criteria takes 0.040 s
-----------------------------------------------------------------------
MESH Build(FS) finished. Time=1.234 s
-----------------------------------------------------------------------
Current CPU = 1 sec

Nx=16
Ny=8
Nz=14
Max BRICK Level=2
Mesh Level=2
-----------------CModelBodies2MeshMapper::CollectData started -------------------------------
	Time (collect mesh base data): 0.006 s.
	Time (collect model bodies mapping): 0.026 s.
	Time (collect positive bodies mapping): 0.000 s.
	Time (collect fluid bodies mapping): 0.002 s.
-----------------CModelBodies2MeshMapper Report -------------------------------
FluidDomains 1 SolidDomains 10 VoidDomains 1 
Domains RefIndexes
----------------- -------------------------------
	ModelBodies
Total resolved Bodies 11 BodySets 10
BodySet 0	Material: Aluminum
	Bodies list:
			#0	Name: Box-1/Бобышка-Вытянуть2;	ID: 5905f305-b791-4047-953c-86f6b9d33140
	Domains list:mesh type	 (0, 1)		 1 

BodySet 1	Material: Typical MQFP
	Bodies list:
			#0	Name: BTA-1/Бобышка-Вытянуть1;	ID: 86508a4b-7a4e-40fc-ad29-0c9e4bea8849
	Domains list:mesh type	 (0, 1)		 6 

BodySet 2	Material: Polybutylene Terephthalate (PBT)
	Bodies list:
			#0	Name: Connector-1/Скругление9;	ID: fe470203-bdc1-41db-8dd7-d2e2802c3fad
	Domains list:mesh type	 (0, 1)		 4 

BodySet 3	Material: PCB 4-layers
	Bodies list:
			#0	Name: Plata-1/Бобышка-Вытянуть1;	ID: b6241659-0b38-4791-b42f-6e6624441269
	Domains list:mesh type	 (0, 1)		 3 

BodySet 4	Material: Aluminum
	Bodies list:
			#0	Name: Radiator-1/Бобышка-Вытянуть1;	ID: 06ed8762-db62-4a9a-8ae0-03587df63eeb
			#1	Name: Teplootvod-1/Бобышка-Вытянуть1;	ID: 143cd56c-d819-4b4a-ba80-39b3b58dd04e
	Domains list:mesh type	 (0, 1)		 5 

BodySet 5	Material: Alumina (Typical)
	Bodies list:
			#0	Name: Reg_Resistor-1/Вырез-Вытянуть1;	ID: 2a48b871-6936-4ad2-8369-0e478763fe0a
	Domains list:mesh type	 (0, 1)		 7 

BodySet 6	Material: Iron
	Bodies list:
			#0	Name: RychkaInBox-1/Скругление1;	ID: 36fbca0b-6342-4ae0-b4ed-2e31df2c0348
	Domains list:mesh type	 (0, 1)		 11 

BodySet 7	Material: Alumina (Typical)
	Bodies list:
			#0	Name: Res_4dot7KOM-1/По траектории3;	ID: 9f317809-fcaa-4a36-afed-33396330b2e4
	Domains list:mesh type	 (0, 1)		 9 

BodySet 8	Material: Typical Plastic Package
	Bodies list:
			#0	Name: Capasitor-1/Бобышка-Вытянуть4;	ID: fdd96bc6-0e00-418b-9149-f3b95bafae8b
	Domains list:mesh type	 (0, 1)		 8 

BodySet 9	Material: Typical Plastic Package
	Bodies list:
			#0	Name: Capasitor-2/Бобышка-Вытянуть4;	ID: f4da8967-b227-444f-a10c-3f2383414dfc
	Domains list:mesh type	 (0, 1)		 10 


--------------------------------------------------------------------------
	Positive geometry Bodies
Total resolved Bodies 11 BodySets 11
BodySet 0
	Bodies list:
			#0	Name: ;	ID: 139682d5-85ca-4c60-b5e0-5dbc5af639d9
	Domains list:mesh type	 (0, 1)		 0 

BodySet 1
	Bodies list:
			#0	Name: ;	ID: 9716f187-4ace-4620-b519-4abdcba732f9
	Domains list:mesh type	 (0, 1)		 6 

BodySet 2
	Bodies list:
			#0	Name: ;	ID: 860c1dc5-072b-4e9e-8261-660286430995
	Domains list:mesh type	 (0, 1)		 3 

BodySet 3
	Bodies list:
			#0	Name: ;	ID: dca45791-9706-4c29-add0-cbcb42272210
	Domains list:mesh type	 (0, 1)		 4 

BodySet 4
	Bodies list:
			#0	Name: ;	ID: 00d92836-10d4-406e-b901-2ce7c2ff32a5
	Domains list:mesh type	 (0, 1)		 1 

BodySet 5
	Bodies list:
			#0	Name: ;	ID: 9bb5ea14-4419-4f70-8df9-3b2e15f3f17d
	Domains list:mesh type	 (0, 1)		 5 

BodySet 6
	Bodies list:
			#0	Name: ;	ID: 5485bd35-863f-4e44-b842-c2a43cfee70e
	Domains list:mesh type	 (0, 1)		 10 

BodySet 7
	Bodies list:
			#0	Name: ;	ID: abfc0600-0b8d-4fb5-9249-ec6862a63cdc
	Domains list:mesh type	 (0, 1)		 8 

BodySet 8
	Bodies list:
			#0	Name: ;	ID: 7e866f15-fab7-4f44-beb4-362696b8056e
	Domains list:mesh type	 (0, 1)		 9 

BodySet 10
	Bodies list:
			#0	Name: ;	ID: 4c7a0d02-f800-4975-99ea-507d3c15f336
	Domains list:mesh type	 (0, 1)		 11 


--------------------------------------------------------------------------
	Fluid regions
Total resolved Bodies 1 BodySets 2
BodySet 0	Material: Air; 
	Bodies list:
	Domains list:
BodySet 1	Material: Air; 
	Bodies list:
			#0	Name: ;	ID: 139682d5-85ca-4c60-b5e0-5dbc5af639d9
	Domains list:mesh type	 (0, 1)		 0 


--------------------------------------------------------------------------
Collect data takes...0.055 s
-----------------CModelBodies2MeshMapper::CollectData finished successfully-------------------
Saving initial mesh in: C:\Users\Пользователь\Desktop\FOPRES\2\2.fld .
Storing results...
	Estimated CPT size=11.130 MB.
	Time (write bcf): 0.370 s
Storing results takes 0.400 s
-----------------------------------------------------------------------
Memory Working Set Current = 204.12 Mb, Memory Working Set Peak = 204.13 Mb
Memory Private Bytes Current = 219.11 Mb, Memory Private Bytes Peak = 219.11 Mb
Process Threads Number: 18
-----------------------------------------------------------------------
Cleaning memory...
-----------------------------------------------------------------------
Start to free mesher data...
MMP (msh): locals=12, allc_sz=6.08 MB, used_sz=5.48 MB, blks-min-max=10/12
MMP (brx): locals=12, allc_sz=35.28 MB, used_sz=31.92 MB, blks-min-max=18/21
MMP (bcf): locals=12, allc_sz=38.04 MB, used_sz=36.72 MB, blks-min-max=16/42
MMP (xsl): locals=12, allc_sz=7.24 MB, used_sz=6.51 MB, blks-min-max=8/15
Free xsl...            OK	Time=0.002 s
Free ray collector...  OK	Time=0.000 s
Free ray intersector...OK	Time=0.000 s
Free body sets...      OK	Time=0.009 s
Free Geometry DB takes 0.000 s
Free mesh conn...      OK	Time=0.000 s
Free geomsd...         OK	Time=0.000 s
Free mbricks...        OK	Time=0.000 s
Free hash info...      OK	Time=0.001 s
Free bricks-x...       OK	Time=0.000 s
Free bcf...            OK	Time=0.003 s
Free mesh h...         OK	Time=0.000 s
Free bricks arr..      OK	Time=0.000 s
Free bricks tree...    OK	Time=0.000 s
Free mesh pools...     OK	Time=0.008 s
Free bodies mapper...  OK	Time=0.000 s
Free geom crits...     OK	Time=0.000 s
Free cpt regions...    OK	Time=0.000 s
Free peculiar surfs... OK	Time=0.000 s
Free sw-geometries...  OK	Time=0.000 s
Total free mesher data time: 0.026 s
-----------------------------------------------------------------------
Copying... OK
CPT size=5.723 MB (6001077 bytes).
Mesh generation normally finished at	10.11.2024	12:38:55
Mesher CPU = 2 sec
Mesher is finished at	10.11.2024	12:38:55
-----------------------------------------------------------------------
Memory Working Set Current = 67.53 Mb, Memory Working Set Peak = 204.13 Mb
Memory Private Bytes Current = 79.28 Mb, Memory Private Bytes Peak = 219.11 Mb
Process Threads Number: 18
-----------------------------------------------------------------------
Algebra Pool      : mem_usage = 1.25 Mb, allocated count = 0
-----------------------------------------------------------------------
Memory Working Set Current = 66.35 Mb, Memory Working Set Peak = 204.13 Mb
Memory Private Bytes Current = 78.09 Mb, Memory Private Bytes Peak = 219.11 Mb
Process Threads Number: 18
Process Threads Number Peak: 18
-----------------------------------------------------------------------
Log ended at 10.11.2024	12:38:55
